<?xml version="1.0" encoding="UTF-8"?>
<testsuites>
    <testsuite name="force.apex" timestamp="2019-07-28T00:31:56+05:30" hostname="https://cgi-ttt-training-demo-dev-ed.my.salesforce.com" tests="68" failures="5"  errors="0"  time="10.8">
        <properties>
            <property name="outcome" value="Failed"/>
            <property name="testsRan" value="68"/>
            <property name="passing" value="63"/>
            <property name="failing" value="5"/>
            <property name="skipped" value="0"/>
            <property name="passRate" value="93%"/>
            <property name="failRate" value="7%"/>
            <property name="testStartTime" value="Jul 28, 2019 12:31 AM"/>
            <property name="testExecutionTime" value="10.8 s"/>
            <property name="testTotalTime" value="10.8 s"/>
            <property name="commandTime" value="21.39 s"/>
            <property name="hostname" value="https://cgi-ttt-training-demo-dev-ed.my.salesforce.com"/>
            <property name="orgId" value="00D2v000001dQzSEAU"/>
            <property name="username" value="amit.dhawan-architect-ttt-training@cgi.com"/>
            <property name="testRunId" value="7072v0000C1BqO7"/>
            <property name="userId" value="0052v00000ZIzveAAD"/>
            <property name="testRunCoverage" value="77%"/>
            <property name="orgWideCoverage" value="49%"/>
        </properties>
        <testcase name="testAddTwoNumbers" classname="BotTest" time="0.03">
        </testcase>
        <testcase name="testBotController" classname="BotTest" time="0.07">
        </testcase>
        <testcase name="testCostCenter" classname="BotTest" time="0.01">
        </testcase>
        <testcase name="testEmployeeId" classname="BotTest" time="0.01">
        </testcase>
        <testcase name="testFindAccount" classname="BotTest" time="0.07">
            <failure message="System.DmlException: Insert failed. First exception on row 0; first error: REQUIRED_FIELD_MISSING, Required fields are missing: [CustomerPriority__c]: [CustomerPriority__c]"><![CDATA[Class.BotTest.testFindAccount: line 43, column 1]]></failure>
        </testcase>
        <testcase name="testFindContact" classname="BotTest" time="0.3">
        </testcase>
        <testcase name="testFindProperties" classname="BotTest" time="0.23">
        </testcase>
        <testcase name="testFindPropertiesByBedrooms" classname="BotTest" time="0.15">
        </testcase>
        <testcase name="testHello" classname="BotTest" time="0.01">
        </testcase>
        <testcase name="testHelp" classname="BotTest" time="0.04">
        </testcase>
        <testcase name="testHelpTopic" classname="BotTest" time="0.01">
        </testcase>
        <testcase name="testMyOpenCases" classname="BotTest" time="0.2">
        </testcase>
        <testcase name="testNext" classname="BotTest" time="0.04">
            <failure message="System.DmlException: Insert failed. First exception on row 0; first error: REQUIRED_FIELD_MISSING, Required fields are missing: [CustomerPriority__c]: [CustomerPriority__c]"><![CDATA[Class.BotTest.testNext: line 126, column 1]]></failure>
        </testcase>
        <testcase name="testPipeline" classname="BotTest" time="0.01">
        </testcase>
        <testcase name="testQuarter" classname="BotTest" time="0.01">
        </testcase>
        <testcase name="testSOQL" classname="BotTest" time="0.03">
            <failure message="System.DmlException: Insert failed. First exception on row 0; first error: REQUIRED_FIELD_MISSING, Required fields are missing: [CustomerPriority__c]: [CustomerPriority__c]"><![CDATA[Class.BotTest.testSOQL: line 138, column 1]]></failure>
        </testcase>
        <testcase name="testTopOpportunities" classname="BotTest" time="0.04">
            <failure message="System.DmlException: Insert failed. First exception on row 0; first error: REQUIRED_FIELD_MISSING, Required fields are missing: [CustomerPriority__c]: [CustomerPriority__c]"><![CDATA[Class.BotTest.testTopOpportunities: line 92, column 1]]></failure>
        </testcase>
        <testcase name="testTravelApproval" classname="BotTest" time="0.01">
        </testcase>
        <testcase name="testChangePasswordController" classname="ChangePasswordControllerTest" time="0.03">
        </testcase>
        <testcase name="testCommunitiesLandingController" classname="CommunitiesLandingControllerTest" time="0.01">
        </testcase>
        <testcase name="testCommunitiesLoginController" classname="CommunitiesLoginControllerTest" time="0.01">
        </testcase>
        <testcase name="testCommunitiesSelfRegConfirmController" classname="CommunitiesSelfRegConfirmControllerTest" time="0.02">
        </testcase>
        <testcase name="testCommunitiesSelfRegController" classname="CommunitiesSelfRegControllerTest" time="0.02">
        </testcase>
        <testcase name="JTWIssue" classname="EinsteinVisionControllerTest" time="0.03">
        </testcase>
        <testcase name="testCreateDataset" classname="EinsteinVisionControllerTest" time="0.46">
        </testcase>
        <testcase name="testDeleteDataset" classname="EinsteinVisionControllerTest" time="0.15">
        </testcase>
        <testcase name="testGetDataSets" classname="EinsteinVisionControllerTest" time="0.14">
        </testcase>
        <testcase name="testGetModelByDataset" classname="EinsteinVisionControllerTest" time="0.13">
        </testcase>
        <testcase name="testPredict" classname="EinsteinVisionControllerTest" time="0.14">
        </testcase>
        <testcase name="testTrainModel" classname="EinsteinVisionControllerTest" time="0.13">
        </testcase>
        <testcase name="testForgotPasswordController" classname="ForgotPasswordControllerTest" time="0.02">
        </testcase>
        <testcase name="testGetLights" classname="LIFXControllerTest" time="0.02">
        </testcase>
        <testcase name="testSetBrightness" classname="LIFXControllerTest" time="0.01">
        </testcase>
        <testcase name="testSetPower" classname="LIFXControllerTest" time="0.03">
        </testcase>
        <testcase name="LightningForgotPasswordControllerInstantiation" classname="LightningForgotPasswordControllerTest" time="0.02">
        </testcase>
        <testcase name="testLightningForgotPasswordControllerInvalidUserName" classname="LightningForgotPasswordControllerTest" time="0.01">
        </testcase>
        <testcase name="testLightningForgotPasswordControllerWithNullCheckEmailRef" classname="LightningForgotPasswordControllerTest" time="0.01">
        </testcase>
        <testcase name="LightningLoginFormControllerInstantiation" classname="LightningLoginFormControllerTest" time="0.02">
        </testcase>
        <testcase name="testAuthConfig" classname="LightningLoginFormControllerTest" time="0.02">
        </testcase>
        <testcase name="testGetSelfRegistrationURL" classname="LightningLoginFormControllerTest" time="0.01">
        </testcase>
        <testcase name="testIsSelfRegistrationEnabled" classname="LightningLoginFormControllerTest" time="0.01">
        </testcase>
        <testcase name="testIsUsernamePasswordEnabled" classname="LightningLoginFormControllerTest" time="0.02">
        </testcase>
        <testcase name="testLoginWithInvalidCredentials" classname="LightningLoginFormControllerTest" time="0.01">
        </testcase>
        <testcase name="LightningSelfRegisterControllerInstantiation" classname="LightningSelfRegisterControllerTest" time="0.02">
        </testcase>
        <testcase name="testGetExtraFieldsInSelfRegistration" classname="LightningSelfRegisterControllerTest" time="0.21">
        </testcase>
        <testcase name="testGetNonEmptyExtraFields" classname="LightningSelfRegisterControllerTest" time="0.01">
        </testcase>
        <testcase name="testGetNullExtraFields" classname="LightningSelfRegisterControllerTest" time="0.01">
        </testcase>
        <testcase name="testIsValidPassword" classname="LightningSelfRegisterControllerTest" time="0.01">
        </testcase>
        <testcase name="testSelfRegisterWithCreatedAccount" classname="LightningSelfRegisterControllerTest" time="0.09">
            <failure message="System.DmlException: Insert failed. First exception on row 0; first error: REQUIRED_FIELD_MISSING, Required fields are missing: [CustomerPriority__c]: [CustomerPriority__c]"><![CDATA[Class.LightningSelfRegisterControllerTest.testSelfRegisterWithCreatedAccount: line 42, column 1]]></failure>
        </testcase>
        <testcase name="testSelfRegisterWithProperCredentials" classname="LightningSelfRegisterControllerTest" time="0.01">
        </testcase>
        <testcase name="testSelfRegistration" classname="LightningSelfRegisterControllerTest" time="0.01">
        </testcase>
        <testcase name="testSiteAsContainerEnabled" classname="LightningSelfRegisterControllerTest" time="0.04">
        </testcase>
        <testcase name="testSave" classname="MyProfilePageControllerTest" time="0.17">
        </testcase>
        <testcase name="testPost" classname="PostPriceChangeToSlackTest" time="0.62">
        </testcase>
        <testcase name="getAvailableProperties" classname="PropertyControllerTest" time="0.66">
        </testcase>
        <testcase name="getSimilarProperties" classname="PropertyControllerTest" time="0.14">
        </testcase>
        <testcase name="testFindAll" classname="PropertyControllerTest" time="0.18">
        </testcase>
        <testcase name="testFindById" classname="PropertyControllerTest" time="0.14">
        </testcase>
        <testcase name="testPush" classname="PushPriceChangeNotificationTest" time="0.53">
        </testcase>
        <testcase name="acceptNonDuplicate" classname="RejectDuplicateFavoriteTest" time="1.05">
        </testcase>
        <testcase name="rejectDuplicate" classname="RejectDuplicateFavoriteTest" time="0.51">
        </testcase>
        <testcase name="testSiteLoginController" classname="SiteLoginControllerTest" time="0.01">
        </testcase>
        <testcase name="testRegistration" classname="SiteRegisterControllerTest" time="0.04">
        </testcase>
        <testcase name="testPost" classname="SlackOpportunityPublisherTest" time="0.51">
        </testcase>
        <testcase name="testBulkInsert" classname="TestAddOwnerColor" time="2.04">
        </testcase>
        <testcase name="testSingleInsert" classname="TestAddOwnerColor" time="0.9">
        </testcase>
        <testcase name="testCallout" classname="TestCalculatorCalloutMock" time="0.03">
        </testcase>
        <testcase name="testGetCalloutMethod" classname="testGetCallout" time="0.11">
        </testcase>
    </testsuite>
</testsuites>
